2023-12-25 16:33:49:531 [Appium] Welcome to Appium v2.0.1
2023-12-25 16:33:49:533 [Appium] Non-default server args:
2023-12-25 16:33:49:535 [Appium] { localTimezone: true, loglevel: 'info' }
2023-12-25 16:33:49:535 [Appium] Attempting to load driver uiautomator2...
2023-12-25 16:33:50:134 [Appium] Attempting to load driver xcuitest...
2023-12-25 16:33:50:798 uncaughtException: EPIPE: broken pipe, write
Error: EPIPE: broken pipe, write
    at Socket._write (node:internal/net:61:25)
    at writeOrBuffer (node:internal/streams/writable:392:12)
    at _write (node:internal/streams/writable:333:10)
    at Socket.Writable.write (node:internal/streams/writable:337:10)
    at Console.log (C:\Users\hdu\AppData\Roaming\npm\node_modules\appium\node_modules\winston\lib\winston\transports\console.js:79:23)
    at Console._write (C:\Users\hdu\AppData\Roaming\npm\node_modules\appium\node_modules\winston-transport\index.js:103:17)
    at doWrite (C:\Users\hdu\AppData\Roaming\npm\node_modules\appium\node_modules\readable-stream\lib\_stream_writable.js:390:139)
    at writeOrBuffer (C:\Users\hdu\AppData\Roaming\npm\node_modules\appium\node_modules\readable-stream\lib\_stream_writable.js:381:5)
    at Console.Writable.write (C:\Users\hdu\AppData\Roaming\npm\node_modules\appium\node_modules\readable-stream\lib\_stream_writable.js:302:11)
    at DerivedLogger.ondata (C:\Users\hdu\AppData\Roaming\npm\node_modules\appium\node_modules\readable-stream\lib\_stream_readable.js:629:20)
    at DerivedLogger.emit (node:events:526:35)
    at addChunk (C:\Users\hdu\AppData\Roaming\npm\node_modules\appium\node_modules\readable-stream\lib\_stream_readable.js:279:12)
    at readableAddChunk (C:\Users\hdu\AppData\Roaming\npm\node_modules\appium\node_modules\readable-stream\lib\_stream_readable.js:262:11)
    at DerivedLogger.Readable.push (C:\Users\hdu\AppData\Roaming\npm\node_modules\appium\node_modules\readable-stream\lib\_stream_readable.js:228:10)
    at DerivedLogger.Transform.push (C:\Users\hdu\AppData\Roaming\npm\node_modules\appium\node_modules\readable-stream\lib\_stream_transform.js:132:32)
    at DerivedLogger._transform (C:\Users\hdu\AppData\Roaming\npm\node_modules\appium\node_modules\winston\lib\winston\logger.js:313:12)
2023-12-25 16:33:50:798 [HTTP] Could not start REST http interface listener. The requested port may already be in use. Please make sure there is no other instance of this server running already.
2023-12-25 16:33:50:799 uncaughtException: EPIPE: broken pipe, write
Error: EPIPE: broken pipe, write
    at Socket._write (node:internal/net:61:25)
    at writeOrBuffer (node:internal/streams/writable:392:12)
    at _write (node:internal/streams/writable:333:10)
    at Socket.Writable.write (node:internal/streams/writable:337:10)
    at Console.log (C:\Users\hdu\AppData\Roaming\npm\node_modules\appium\node_modules\winston\lib\winston\transports\console.js:51:25)
    at Console._write (C:\Users\hdu\AppData\Roaming\npm\node_modules\appium\node_modules\winston-transport\index.js:103:17)
    at doWrite (C:\Users\hdu\AppData\Roaming\npm\node_modules\appium\node_modules\readable-stream\lib\_stream_writable.js:390:139)
    at writeOrBuffer (C:\Users\hdu\AppData\Roaming\npm\node_modules\appium\node_modules\readable-stream\lib\_stream_writable.js:381:5)
    at Console.Writable.write (C:\Users\hdu\AppData\Roaming\npm\node_modules\appium\node_modules\readable-stream\lib\_stream_writable.js:302:11)
    at DerivedLogger.ondata (C:\Users\hdu\AppData\Roaming\npm\node_modules\appium\node_modules\readable-stream\lib\_stream_readable.js:629:20)
    at DerivedLogger.emit (node:events:526:35)
    at addChunk (C:\Users\hdu\AppData\Roaming\npm\node_modules\appium\node_modules\readable-stream\lib\_stream_readable.js:279:12)
    at readableAddChunk (C:\Users\hdu\AppData\Roaming\npm\node_modules\appium\node_modules\readable-stream\lib\_stream_readable.js:262:11)
    at DerivedLogger.Readable.push (C:\Users\hdu\AppData\Roaming\npm\node_modules\appium\node_modules\readable-stream\lib\_stream_readable.js:228:10)
    at DerivedLogger.Transform.push (C:\Users\hdu\AppData\Roaming\npm\node_modules\appium\node_modules\readable-stream\lib\_stream_transform.js:132:32)
    at DerivedLogger._transform (C:\Users\hdu\AppData\Roaming\npm\node_modules\appium\node_modules\winston\lib\winston\logger.js:313:12)
    at DerivedLogger.Transform._read (C:\Users\hdu\AppData\Roaming\npm\node_modules\appium\node_modules\readable-stream\lib\_stream_transform.js:166:10)
    at DerivedLogger.Transform._write (C:\Users\hdu\AppData\Roaming\npm\node_modules\appium\node_modules\readable-stream\lib\_stream_transform.js:155:83)
    at doWrite (C:\Users\hdu\AppData\Roaming\npm\node_modules\appium\node_modules\readable-stream\lib\_stream_writable.js:390:139)
    at writeOrBuffer (C:\Users\hdu\AppData\Roaming\npm\node_modules\appium\node_modules\readable-stream\lib\_stream_writable.js:381:5)
    at DerivedLogger.Writable.write (C:\Users\hdu\AppData\Roaming\npm\node_modules\appium\node_modules\readable-stream\lib\_stream_writable.js:302:11)
    at DerivedLogger.log (C:\Users\hdu\AppData\Roaming\npm\node_modules\appium\node_modules\winston\lib\winston\logger.js:216:12)
    at ExceptionHandler._uncaughtException (C:\Users\hdu\AppData\Roaming\npm\node_modules\appium\node_modules\winston\lib\winston\exception-handler.js:220:17)
    at process.emit (node:events:514:28)
    at processEmit (C:\Users\hdu\AppData\Roaming\npm\node_modules\appium\node_modules\signal-exit\index.js:199:34)
    at process.emit (C:\Users\hdu\AppData\Roaming\npm\node_modules\appium\node_modules\source-map-support\source-map-support.js:516:21)
    at process.emit (C:\Users\hdu\.appium\node_modules\appium-uiautomator2-driver\node_modules\source-map-support\source-map-support.js:516:21)
    at processEmit (C:\Users\hdu\.appium\node_modules\appium-uiautomator2-driver\node_modules\signal-exit\index.js:199:34)
2023-12-25 16:33:50:800 uncaughtException: EPIPE: broken pipe, write
Error: EPIPE: broken pipe, write
    at Socket._write (node:internal/net:61:25)
    at writeOrBuffer (node:internal/streams/writable:392:12)
    at _write (node:internal/streams/writable:333:10)
    at Socket.Writable.write (node:internal/streams/writable:337:10)
    at Console.log (C:\Users\hdu\AppData\Roaming\npm\node_modules\appium\node_modules\winston\lib\winston\transports\console.js:51:25)
    at Console._write (C:\Users\hdu\AppData\Roaming\npm\node_modules\appium\node_modules\winston-transport\index.js:103:17)
    at doWrite (C:\Users\hdu\AppData\Roaming\npm\node_modules\appium\node_modules\readable-stream\lib\_stream_writable.js:390:139)
    at writeOrBuffer (C:\Users\hdu\AppData\Roaming\npm\node_modules\appium\node_modules\readable-stream\lib\_stream_writable.js:381:5)
    at Console.Writable.write (C:\Users\hdu\AppData\Roaming\npm\node_modules\appium\node_modules\readable-stream\lib\_stream_writable.js:302:11)
    at DerivedLogger.ondata (C:\Users\hdu\AppData\Roaming\npm\node_modules\appium\node_modules\readable-stream\lib\_stream_readable.js:629:20)
    at DerivedLogger.emit (node:events:526:35)
    at addChunk (C:\Users\hdu\AppData\Roaming\npm\node_modules\appium\node_modules\readable-stream\lib\_stream_readable.js:279:12)
    at readableAddChunk (C:\Users\hdu\AppData\Roaming\npm\node_modules\appium\node_modules\readable-stream\lib\_stream_readable.js:262:11)
    at DerivedLogger.Readable.push (C:\Users\hdu\AppData\Roaming\npm\node_modules\appium\node_modules\readable-stream\lib\_stream_readable.js:228:10)
    at DerivedLogger.Transform.push (C:\Users\hdu\AppData\Roaming\npm\node_modules\appium\node_modules\readable-stream\lib\_stream_transform.js:132:32)
    at DerivedLogger._transform (C:\Users\hdu\AppData\Roaming\npm\node_modules\appium\node_modules\winston\lib\winston\logger.js:313:12)
    at DerivedLogger.Transform._read (C:\Users\hdu\AppData\Roaming\npm\node_modules\appium\node_modules\readable-stream\lib\_stream_transform.js:166:10)
    at DerivedLogger.Transform._write (C:\Users\hdu\AppData\Roaming\npm\node_modules\appium\node_modules\readable-stream\lib\_stream_transform.js:155:83)
    at doWrite (C:\Users\hdu\AppData\Roaming\npm\node_modules\appium\node_modules\readable-stream\lib\_stream_writable.js:390:139)
    at writeOrBuffer (C:\Users\hdu\AppData\Roaming\npm\node_modules\appium\node_modules\readable-stream\lib\_stream_writable.js:381:5)
    at DerivedLogger.Writable.write (C:\Users\hdu\AppData\Roaming\npm\node_modules\appium\node_modules\readable-stream\lib\_stream_writable.js:302:11)
    at DerivedLogger.log (C:\Users\hdu\AppData\Roaming\npm\node_modules\appium\node_modules\winston\lib\winston\logger.js:216:12)
    at ExceptionHandler._uncaughtException (C:\Users\hdu\AppData\Roaming\npm\node_modules\appium\node_modules\winston\lib\winston\exception-handler.js:220:17)
    at process.emit (node:events:514:28)
    at processEmit (C:\Users\hdu\AppData\Roaming\npm\node_modules\appium\node_modules\signal-exit\index.js:199:34)
    at process.emit (C:\Users\hdu\AppData\Roaming\npm\node_modules\appium\node_modules\source-map-support\source-map-support.js:516:21)
    at process.emit (C:\Users\hdu\.appium\node_modules\appium-uiautomator2-driver\node_modules\source-map-support\source-map-support.js:516:21)
    at processEmit (C:\Users\hdu\.appium\node_modules\appium-uiautomator2-driver\node_modules\signal-exit\index.js:199:34)
2023-12-25 16:33:50:801 uncaughtException: EPIPE: broken pipe, write
Error: EPIPE: broken pipe, write
    at Socket._write (node:internal/net:61:25)
    at writeOrBuffer (node:internal/streams/writable:392:12)
    at _write (node:internal/streams/writable:333:10)
    at Socket.Writable.write (node:internal/streams/writable:337:10)
    at Console.log (C:\Users\hdu\AppData\Roaming\npm\node_modules\appium\node_modules\winston\lib\winston\transports\console.js:51:25)
    at Console._write (C:\Users\hdu\AppData\Roaming\npm\node_modules\appium\node_modules\winston-transport\index.js:103:17)
    at doWrite (C:\Users\hdu\AppData\Roaming\npm\node_modules\appium\node_modules\readable-stream\lib\_stream_writable.js:390:139)
    at writeOrBuffer (C:\Users\hdu\AppData\Roaming\npm\node_modules\appium\node_modules\readable-stream\lib\_stream_writable.js:381:5)
    at Console.Writable.write (C:\Users\hdu\AppData\Roaming\npm\node_modules\appium\node_modules\readable-stream\lib\_stream_writable.js:302:11)
    at DerivedLogger.ondata (C:\Users\hdu\AppData\Roaming\npm\node_modules\appium\node_modules\readable-stream\lib\_stream_readable.js:629:20)
    at DerivedLogger.emit (node:events:526:35)
    at addChunk (C:\Users\hdu\AppData\Roaming\npm\node_modules\appium\node_modules\readable-stream\lib\_stream_readable.js:279:12)
    at readableAddChunk (C:\Users\hdu\AppData\Roaming\npm\node_modules\appium\node_modules\readable-stream\lib\_stream_readable.js:262:11)
    at DerivedLogger.Readable.push (C:\Users\hdu\AppData\Roaming\npm\node_modules\appium\node_modules\readable-stream\lib\_stream_readable.js:228:10)
    at DerivedLogger.Transform.push (C:\Users\hdu\AppData\Roaming\npm\node_modules\appium\node_modules\readable-stream\lib\_stream_transform.js:132:32)
    at DerivedLogger._transform (C:\Users\hdu\AppData\Roaming\npm\node_modules\appium\node_modules\winston\lib\winston\logger.js:313:12)
    at DerivedLogger.Transform._read (C:\Users\hdu\AppData\Roaming\npm\node_modules\appium\node_modules\readable-stream\lib\_stream_transform.js:166:10)
    at DerivedLogger.Transform._write (C:\Users\hdu\AppData\Roaming\npm\node_modules\appium\node_modules\readable-stream\lib\_stream_transform.js:155:83)
    at doWrite (C:\Users\hdu\AppData\Roaming\npm\node_modules\appium\node_modules\readable-stream\lib\_stream_writable.js:390:139)
    at writeOrBuffer (C:\Users\hdu\AppData\Roaming\npm\node_modules\appium\node_modules\readable-stream\lib\_stream_writable.js:381:5)
    at DerivedLogger.Writable.write (C:\Users\hdu\AppData\Roaming\npm\node_modules\appium\node_modules\readable-stream\lib\_stream_writable.js:302:11)
    at DerivedLogger.log (C:\Users\hdu\AppData\Roaming\npm\node_modules\appium\node_modules\winston\lib\winston\logger.js:216:12)
    at ExceptionHandler._uncaughtException (C:\Users\hdu\AppData\Roaming\npm\node_modules\appium\node_modules\winston\lib\winston\exception-handler.js:220:17)
    at process.emit (node:events:514:28)
    at processEmit (C:\Users\hdu\AppData\Roaming\npm\node_modules\appium\node_modules\signal-exit\index.js:199:34)
    at process.emit (C:\Users\hdu\AppData\Roaming\npm\node_modules\appium\node_modules\source-map-support\source-map-support.js:516:21)
    at process.emit (C:\Users\hdu\.appium\node_modules\appium-uiautomator2-driver\node_modules\source-map-support\source-map-support.js:516:21)
    at processEmit (C:\Users\hdu\.appium\node_modules\appium-uiautomator2-driver\node_modules\signal-exit\index.js:199:34)
2023-12-25 16:33:50:802 uncaughtException: EPIPE: broken pipe, write
Error: EPIPE: broken pipe, write
    at Socket._write (node:internal/net:61:25)
    at writeOrBuffer (node:internal/streams/writable:392:12)
    at _write (node:internal/streams/writable:333:10)
    at Socket.Writable.write (node:internal/streams/writable:337:10)
    at Console.log (C:\Users\hdu\AppData\Roaming\npm\node_modules\appium\node_modules\winston\lib\winston\transports\console.js:51:25)
    at Console._write (C:\Users\hdu\AppData\Roaming\npm\node_modules\appium\node_modules\winston-transport\index.js:103:17)
    at doWrite (C:\Users\hdu\AppData\Roaming\npm\node_modules\appium\node_modules\readable-stream\lib\_stream_writable.js:390:139)
    at writeOrBuffer (C:\Users\hdu\AppData\Roaming\npm\node_modules\appium\node_modules\readable-stream\lib\_stream_writable.js:381:5)
    at Console.Writable.write (C:\Users\hdu\AppData\Roaming\npm\node_modules\appium\node_modules\readable-stream\lib\_stream_writable.js:302:11)
    at DerivedLogger.ondata (C:\Users\hdu\AppData\Roaming\npm\node_modules\appium\node_modules\readable-stream\lib\_stream_readable.js:629:20)
    at DerivedLogger.emit (node:events:526:35)
    at addChunk (C:\Users\hdu\AppData\Roaming\npm\node_modules\appium\node_modules\readable-stream\lib\_stream_readable.js:279:12)
    at readableAddChunk (C:\Users\hdu\AppData\Roaming\npm\node_modules\appium\node_modules\readable-stream\lib\_stream_readable.js:262:11)
    at DerivedLogger.Readable.push (C:\Users\hdu\AppData\Roaming\npm\node_modules\appium\node_modules\readable-stream\lib\_stream_readable.js:228:10)
    at DerivedLogger.Transform.push (C:\Users\hdu\AppData\Roaming\npm\node_modules\appium\node_modules\readable-stream\lib\_stream_transform.js:132:32)
    at DerivedLogger._transform (C:\Users\hdu\AppData\Roaming\npm\node_modules\appium\node_modules\winston\lib\winston\logger.js:313:12)
    at DerivedLogger.Transform._read (C:\Users\hdu\AppData\Roaming\npm\node_modules\appium\node_modules\readable-stream\lib\_stream_transform.js:166:10)
    at DerivedLogger.Transform._write (C:\Users\hdu\AppData\Roaming\npm\node_modules\appium\node_modules\readable-stream\lib\_stream_transform.js:155:83)
    at doWrite (C:\Users\hdu\AppData\Roaming\npm\node_modules\appium\node_modules\readable-stream\lib\_stream_writable.js:390:139)
    at writeOrBuffer (C:\Users\hdu\AppData\Roaming\npm\node_modules\appium\node_modules\readable-stream\lib\_stream_writable.js:381:5)
    at DerivedLogger.Writable.write (C:\Users\hdu\AppData\Roaming\npm\node_modules\appium\node_modules\readable-stream\lib\_stream_writable.js:302:11)
    at DerivedLogger.log (C:\Users\hdu\AppData\Roaming\npm\node_modules\appium\node_modules\winston\lib\winston\logger.js:216:12)
    at ExceptionHandler._uncaughtException (C:\Users\hdu\AppData\Roaming\npm\node_modules\appium\node_modules\winston\lib\winston\exception-handler.js:220:17)
    at process.emit (node:events:514:28)
    at processEmit (C:\Users\hdu\AppData\Roaming\npm\node_modules\appium\node_modules\signal-exit\index.js:199:34)
    at process.emit (C:\Users\hdu\AppData\Roaming\npm\node_modules\appium\node_modules\source-map-support\source-map-support.js:516:21)
    at process.emit (C:\Users\hdu\.appium\node_modules\appium-uiautomator2-driver\node_modules\source-map-support\source-map-support.js:516:21)
    at processEmit (C:\Users\hdu\.appium\node_modules\appium-uiautomator2-driver\node_modules\signal-exit\index.js:199:34)
2023-12-25 16:33:50:803 uncaughtException: EPIPE: broken pipe, write
Error: EPIPE: broken pipe, write
    at Socket._write (node:internal/net:61:25)
    at writeOrBuffer (node:internal/streams/writable:392:12)
    at _write (node:internal/streams/writable:333:10)
    at Socket.Writable.write (node:internal/streams/writable:337:10)
    at Console.log (C:\Users\hdu\AppData\Roaming\npm\node_modules\appium\node_modules\winston\lib\winston\transports\console.js:51:25)
    at Console._write (C:\Users\hdu\AppData\Roaming\npm\node_modules\appium\node_modules\winston-transport\index.js:103:17)
    at doWrite (C:\Users\hdu\AppData\Roaming\npm\node_modules\appium\node_modules\readable-stream\lib\_stream_writable.js:390:139)
    at writeOrBuffer (C:\Users\hdu\AppData\Roaming\npm\node_modules\appium\node_modules\readable-stream\lib\_stream_writable.js:381:5)
    at Console.Writable.write (C:\Users\hdu\AppData\Roaming\npm\node_modules\appium\node_modules\readable-stream\lib\_stream_writable.js:302:11)
    at DerivedLogger.ondata (C:\Users\hdu\AppData\Roaming\npm\node_modules\appium\node_modules\readable-stream\lib\_stream_readable.js:629:20)
    at DerivedLogger.emit (node:events:526:35)
    at addChunk (C:\Users\hdu\AppData\Roaming\npm\node_modules\appium\node_modules\readable-stream\lib\_stream_readable.js:279:12)
    at readableAddChunk (C:\Users\hdu\AppData\Roaming\npm\node_modules\appium\node_modules\readable-stream\lib\_stream_readable.js:262:11)
    at DerivedLogger.Readable.push (C:\Users\hdu\AppData\Roaming\npm\node_modules\appium\node_modules\readable-stream\lib\_stream_readable.js:228:10)
    at DerivedLogger.Transform.push (C:\Users\hdu\AppData\Roaming\npm\node_modules\appium\node_modules\readable-stream\lib\_stream_transform.js:132:32)
    at DerivedLogger._transform (C:\Users\hdu\AppData\Roaming\npm\node_modules\appium\node_modules\winston\lib\winston\logger.js:313:12)
    at DerivedLogger.Transform._read (C:\Users\hdu\AppData\Roaming\npm\node_modules\appium\node_modules\readable-stream\lib\_stream_transform.js:166:10)
    at DerivedLogger.Transform._write (C:\Users\hdu\AppData\Roaming\npm\node_modules\appium\node_modules\readable-stream\lib\_stream_transform.js:155:83)
    at doWrite (C:\Users\hdu\AppData\Roaming\npm\node_modules\appium\node_modules\readable-stream\lib\_stream_writable.js:390:139)
    at writeOrBuffer (C:\Users\hdu\AppData\Roaming\npm\node_modules\appium\node_modules\readable-stream\lib\_stream_writable.js:381:5)
    at DerivedLogger.Writable.write (C:\Users\hdu\AppData\Roaming\npm\node_modules\appium\node_modules\readable-stream\lib\_stream_writable.js:302:11)
    at DerivedLogger.log (C:\Users\hdu\AppData\Roaming\npm\node_modules\appium\node_modules\winston\lib\winston\logger.js:216:12)
    at ExceptionHandler._uncaughtException (C:\Users\hdu\AppData\Roaming\npm\node_modules\appium\node_modules\winston\lib\winston\exception-handler.js:220:17)
    at process.emit (node:events:514:28)
    at processEmit (C:\Users\hdu\AppData\Roaming\npm\node_modules\appium\node_modules\signal-exit\index.js:199:34)
    at process.emit (C:\Users\hdu\AppData\Roaming\npm\node_modules\appium\node_modules\source-map-support\source-map-support.js:516:21)
    at process.emit (C:\Users\hdu\.appium\node_modules\appium-uiautomator2-driver\node_modules\source-map-support\source-map-support.js:516:21)
    at processEmit (C:\Users\hdu\.appium\node_modules\appium-uiautomator2-driver\node_modules\signal-exit\index.js:199:34)
2023-12-25 16:33:50:803 uncaughtException: EPIPE: broken pipe, write
Error: EPIPE: broken pipe, write
    at Socket._write (node:internal/net:61:25)
    at writeOrBuffer (node:internal/streams/writable:392:12)
    at _write (node:internal/streams/writable:333:10)
    at Socket.Writable.write (node:internal/streams/writable:337:10)
    at Console.log (C:\Users\hdu\AppData\Roaming\npm\node_modules\appium\node_modules\winston\lib\winston\transports\console.js:51:25)
    at Console._write (C:\Users\hdu\AppData\Roaming\npm\node_modules\appium\node_modules\winston-transport\index.js:103:17)
    at doWrite (C:\Users\hdu\AppData\Roaming\npm\node_modules\appium\node_modules\readable-stream\lib\_stream_writable.js:390:139)
    at writeOrBuffer (C:\Users\hdu\AppData\Roaming\npm\node_modules\appium\node_modules\readable-stream\lib\_stream_writable.js:381:5)
    at Console.Writable.write (C:\Users\hdu\AppData\Roaming\npm\node_modules\appium\node_modules\readable-stream\lib\_stream_writable.js:302:11)
    at DerivedLogger.ondata (C:\Users\hdu\AppData\Roaming\npm\node_modules\appium\node_modules\readable-stream\lib\_stream_readable.js:629:20)
    at DerivedLogger.emit (node:events:526:35)
    at addChunk (C:\Users\hdu\AppData\Roaming\npm\node_modules\appium\node_modules\readable-stream\lib\_stream_readable.js:279:12)
    at readableAddChunk (C:\Users\hdu\AppData\Roaming\npm\node_modules\appium\node_modules\readable-stream\lib\_stream_readable.js:262:11)
    at DerivedLogger.Readable.push (C:\Users\hdu\AppData\Roaming\npm\node_modules\appium\node_modules\readable-stream\lib\_stream_readable.js:228:10)
    at DerivedLogger.Transform.push (C:\Users\hdu\AppData\Roaming\npm\node_modules\appium\node_modules\readable-stream\lib\_stream_transform.js:132:32)
    at DerivedLogger._transform (C:\Users\hdu\AppData\Roaming\npm\node_modules\appium\node_modules\winston\lib\winston\logger.js:313:12)
    at DerivedLogger.Transform._read (C:\Users\hdu\AppData\Roaming\npm\node_modules\appium\node_modules\readable-stream\lib\_stream_transform.js:166:10)
    at DerivedLogger.Transform._write (C:\Users\hdu\AppData\Roaming\npm\node_modules\appium\node_modules\readable-stream\lib\_stream_transform.js:155:83)
    at doWrite (C:\Users\hdu\AppData\Roaming\npm\node_modules\appium\node_modules\readable-stream\lib\_stream_writable.js:390:139)
    at writeOrBuffer (C:\Users\hdu\AppData\Roaming\npm\node_modules\appium\node_modules\readable-stream\lib\_stream_writable.js:381:5)
    at DerivedLogger.Writable.write (C:\Users\hdu\AppData\Roaming\npm\node_modules\appium\node_modules\readable-stream\lib\_stream_writable.js:302:11)
    at DerivedLogger.log (C:\Users\hdu\AppData\Roaming\npm\node_modules\appium\node_modules\winston\lib\winston\logger.js:216:12)
    at ExceptionHandler._uncaughtException (C:\Users\hdu\AppData\Roaming\npm\node_modules\appium\node_modules\winston\lib\winston\exception-handler.js:220:17)
    at process.emit (node:events:514:28)
    at processEmit (C:\Users\hdu\AppData\Roaming\npm\node_modules\appium\node_modules\signal-exit\index.js:199:34)
    at process.emit (C:\Users\hdu\AppData\Roaming\npm\node_modules\appium\node_modules\source-map-support\source-map-support.js:516:21)
    at process.emit (C:\Users\hdu\.appium\node_modules\appium-uiautomator2-driver\node_modules\source-map-support\source-map-support.js:516:21)
    at processEmit (C:\Users\hdu\.appium\node_modules\appium-uiautomator2-driver\node_modules\signal-exit\index.js:199:34)
2023-12-25 16:33:50:804 uncaughtException: EPIPE: broken pipe, write
Error: EPIPE: broken pipe, write
    at Socket._write (node:internal/net:61:25)
    at writeOrBuffer (node:internal/streams/writable:392:12)
    at _write (node:internal/streams/writable:333:10)
    at Socket.Writable.write (node:internal/streams/writable:337:10)
    at Console.log (C:\Users\hdu\AppData\Roaming\npm\node_modules\appium\node_modules\winston\lib\winston\transports\console.js:51:25)
    at Console._write (C:\Users\hdu\AppData\Roaming\npm\node_modules\appium\node_modules\winston-transport\index.js:103:17)
    at doWrite (C:\Users\hdu\AppData\Roaming\npm\node_modules\appium\node_modules\readable-stream\lib\_stream_writable.js:390:139)
    at writeOrBuffer (C:\Users\hdu\AppData\Roaming\npm\node_modules\appium\node_modules\readable-stream\lib\_stream_writable.js:381:5)
    at Console.Writable.write (C:\Users\hdu\AppData\Roaming\npm\node_modules\appium\node_modules\readable-stream\lib\_stream_writable.js:302:11)
    at DerivedLogger.ondata (C:\Users\hdu\AppData\Roaming\npm\node_modules\appium\node_modules\readable-stream\lib\_stream_readable.js:629:20)
    at DerivedLogger.emit (node:events:526:35)
    at addChunk (C:\Users\hdu\AppData\Roaming\npm\node_modules\appium\node_modules\readable-stream\lib\_stream_readable.js:279:12)
    at readableAddChunk (C:\Users\hdu\AppData\Roaming\npm\node_modules\appium\node_modules\readable-stream\lib\_stream_readable.js:262:11)
    at DerivedLogger.Readable.push (C:\Users\hdu\AppData\Roaming\npm\node_modules\appium\node_modules\readable-stream\lib\_stream_readable.js:228:10)
    at DerivedLogger.Transform.push (C:\Users\hdu\AppData\Roaming\npm\node_modules\appium\node_modules\readable-stream\lib\_stream_transform.js:132:32)
    at DerivedLogger._transform (C:\Users\hdu\AppData\Roaming\npm\node_modules\appium\node_modules\winston\lib\winston\logger.js:313:12)
    at DerivedLogger.Transform._read (C:\Users\hdu\AppData\Roaming\npm\node_modules\appium\node_modules\readable-stream\lib\_stream_transform.js:166:10)
    at DerivedLogger.Transform._write (C:\Users\hdu\AppData\Roaming\npm\node_modules\appium\node_modules\readable-stream\lib\_stream_transform.js:155:83)
    at doWrite (C:\Users\hdu\AppData\Roaming\npm\node_modules\appium\node_modules\readable-stream\lib\_stream_writable.js:390:139)
    at writeOrBuffer (C:\Users\hdu\AppData\Roaming\npm\node_modules\appium\node_modules\readable-stream\lib\_stream_writable.js:381:5)
    at DerivedLogger.Writable.write (C:\Users\hdu\AppData\Roaming\npm\node_modules\appium\node_modules\readable-stream\lib\_stream_writable.js:302:11)
    at DerivedLogger.log (C:\Users\hdu\AppData\Roaming\npm\node_modules\appium\node_modules\winston\lib\winston\logger.js:216:12)
    at ExceptionHandler._uncaughtException (C:\Users\hdu\AppData\Roaming\npm\node_modules\appium\node_modules\winston\lib\winston\exception-handler.js:220:17)
    at process.emit (node:events:514:28)
    at processEmit (C:\Users\hdu\AppData\Roaming\npm\node_modules\appium\node_modules\signal-exit\index.js:199:34)
    at process.emit (C:\Users\hdu\AppData\Roaming\npm\node_modules\appium\node_modules\source-map-support\source-map-support.js:516:21)
    at process.emit (C:\Users\hdu\.appium\node_modules\appium-uiautomator2-driver\node_modules\source-map-support\source-map-support.js:516:21)
    at processEmit (C:\Users\hdu\.appium\node_modules\appium-uiautomator2-driver\node_modules\signal-exit\index.js:199:34)
